<?xml version="1.0" encoding="UTF-8"?>
<testsuite name="StylistTest" tests="7" skipped="0" failures="0" errors="0" timestamp="2015-08-28T17:06:18" hostname="josss-MacBook-Pro.local" time="0.195">
  <properties/>
  <testcase name="all_emptyAtFirst" classname="StylistTest" time="0.024"/>
  <testcase name="find_findsStylistInDatabase_true" classname="StylistTest" time="0.027"/>
  <testcase name="equals_returnsTrueIfNamesAreTheSame" classname="StylistTest" time="0.008"/>
  <testcase name="getClients_retrievesAllClientsFromDatabase_clientsList" classname="StylistTest" time="0.04"/>
  <testcase name="save_savesIntoDatabase_true" classname="StylistTest" time="0.027"/>
  <testcase name="delete_deletesStylistFromDatabase_true" classname="StylistTest" time="0.033"/>
  <testcase name="update_changesStylistNameInDatabase_true" classname="StylistTest" time="0.032"/>
  <system-out><![CDATA[]]></system-out>
  <system-err><![CDATA[]]></system-err>
</testsuite>
