<?xml version="1.0" encoding="UTF-8"?>
<testsuite name="StylistTest" tests="4" skipped="0" failures="0" errors="0" timestamp="2015-08-28T15:10:38" hostname="josss-MacBook-Pro.local" time="0.509">
  <properties/>
  <testcase name="all_emptyAtFirst" classname="StylistTest" time="0.331"/>
  <testcase name="find_findsStylistInDatabase_true" classname="StylistTest" time="0.145"/>
  <testcase name="equals_returnsTrueIfNamesAreTheSame" classname="StylistTest" time="0.007"/>
  <testcase name="save_savesIntoDatabase_true" classname="StylistTest" time="0.025"/>
  <system-out><![CDATA[]]></system-out>
  <system-err><![CDATA[]]></system-err>
</testsuite>
