<?xml version="1.0" encoding="UTF-8"?>
<testsuite name="ClientTest" tests="8" skipped="0" failures="0" errors="0" timestamp="2015-08-28T17:21:46" hostname="josss-MacBook-Pro.local" time="0.175">
  <properties/>
  <testcase name="find_findsClientInDatabase_true" classname="ClientTest" time="0.024"/>
  <testcase name="update_changesClientNameInDatabase_true" classname="ClientTest" time="0.034"/>
  <testcase name="equals_returnsTrueIfDescriptionsAreTheSame" classname="ClientTest" time="0.008"/>
  <testcase name="all_emptyAtFirst" classname="ClientTest" time="0.014"/>
  <testcase name="equals_returnsFalseIfDescriptionsAreTheSame" classname="ClientTest" time="0.007"/>
  <testcase name="delete_deletesClientFromDatabase_true" classname="ClientTest" time="0.036"/>
  <testcase name="save_savesIntoDatabase_true" classname="ClientTest" time="0.025"/>
  <testcase name="save_assignsIdToObject" classname="ClientTest" time="0.026"/>
  <system-out><![CDATA[]]></system-out>
  <system-err><![CDATA[]]></system-err>
</testsuite>
