<?xml version="1.0" encoding="UTF-8"?>
<testsuite name="ClientTest" tests="8" skipped="0" failures="0" errors="0" timestamp="2015-08-28T15:52:28" hostname="josss-MacBook-Pro.local" time="1.045">
  <properties/>
  <testcase name="find_findsClientInDatabase_true" classname="ClientTest" time="0.717"/>
  <testcase name="update_changesClientNameInDatabase_true" classname="ClientTest" time="0.172"/>
  <testcase name="equals_returnsTrueIfDescriptionsAreTheSame" classname="ClientTest" time="0.009"/>
  <testcase name="all_emptyAtFirst" classname="ClientTest" time="0.015"/>
  <testcase name="equals_returnsFalseIfDescriptionsAreTheSame" classname="ClientTest" time="0.014"/>
  <testcase name="delete_deletesClientFromDatabase_true" classname="ClientTest" time="0.045"/>
  <testcase name="save_savesIntoDatabase_true" classname="ClientTest" time="0.025"/>
  <testcase name="save_assignsIdToObject" classname="ClientTest" time="0.047"/>
  <system-out><![CDATA[]]></system-out>
  <system-err><![CDATA[]]></system-err>
</testsuite>
