<?xml version="1.0" encoding="UTF-8"?>
<testsuite name="ClientTest" tests="4" skipped="0" failures="0" errors="0" timestamp="2015-08-28T15:40:58" hostname="josss-MacBook-Pro.local" time="0.255">
  <properties/>
  <testcase name="equals_returnsTrueIfDescriptionsAreTheSame" classname="ClientTest" time="0.177"/>
  <testcase name="all_emptyAtFirst" classname="ClientTest" time="0.045"/>
  <testcase name="equals_returnsFalseIfDescriptionsAreTheSame" classname="ClientTest" time="0.007"/>
  <testcase name="save_savesIntoDatabase_true" classname="ClientTest" time="0.023"/>
  <system-out><![CDATA[]]></system-out>
  <system-err><![CDATA[]]></system-err>
</testsuite>
