<?xml version="1.0" encoding="UTF-8"?>
<testsuite name="StylistTest" tests="2" skipped="0" failures="0" errors="0" timestamp="2015-08-28T15:05:58" hostname="josss-MacBook-Pro.local" time="0.25">
  <properties/>
  <testcase name="all_emptyAtFirst" classname="StylistTest" time="0.24"/>
  <testcase name="equals_returnsTrueIfNamesAreTheSame" classname="StylistTest" time="0.009"/>
  <system-out><![CDATA[]]></system-out>
  <system-err><![CDATA[]]></system-err>
</testsuite>
