<?xml version="1.0" encoding="UTF-8"?>
<testsuite name="ClientTest" tests="8" skipped="0" failures="0" errors="0" timestamp="2015-08-28T17:34:16" hostname="josss-MacBook-Pro.local" time="0.173">
  <properties/>
  <testcase name="find_findsClientInDatabase_true" classname="ClientTest" time="0.019"/>
  <testcase name="update_changesClientNameInDatabase_true" classname="ClientTest" time="0.039"/>
  <testcase name="equals_returnsTrueIfDescriptionsAreTheSame" classname="ClientTest" time="0.012"/>
  <testcase name="all_emptyAtFirst" classname="ClientTest" time="0.014"/>
  <testcase name="equals_returnsFalseIfDescriptionsAreTheSame" classname="ClientTest" time="0.012"/>
  <testcase name="delete_deletesClientFromDatabase_true" classname="ClientTest" time="0.032"/>
  <testcase name="save_savesIntoDatabase_true" classname="ClientTest" time="0.02"/>
  <testcase name="save_assignsIdToObject" classname="ClientTest" time="0.02"/>
  <system-out><![CDATA[]]></system-out>
  <system-err><![CDATA[]]></system-err>
</testsuite>
