<?xml version="1.0" encoding="UTF-8"?>
<testsuite name="ClientTest" tests="6" skipped="0" failures="0" errors="0" timestamp="2015-08-28T15:46:51" hostname="josss-MacBook-Pro.local" time="0.364">
  <properties/>
  <testcase name="find_findsClientInDatabase_true" classname="ClientTest" time="0.265"/>
  <testcase name="equals_returnsTrueIfDescriptionsAreTheSame" classname="ClientTest" time="0.008"/>
  <testcase name="all_emptyAtFirst" classname="ClientTest" time="0.013"/>
  <testcase name="equals_returnsFalseIfDescriptionsAreTheSame" classname="ClientTest" time="0.007"/>
  <testcase name="save_savesIntoDatabase_true" classname="ClientTest" time="0.032"/>
  <testcase name="save_assignsIdToObject" classname="ClientTest" time="0.032"/>
  <system-out><![CDATA[]]></system-out>
  <system-err><![CDATA[]]></system-err>
</testsuite>
