<?xml version="1.0" encoding="UTF-8"?>
<testsuite name="ClientTest" tests="8" skipped="0" failures="0" errors="0" timestamp="2015-08-28T17:08:36" hostname="josss-MacBook-Pro.local" time="0.223">
  <properties/>
  <testcase name="find_findsClientInDatabase_true" classname="ClientTest" time="0.037"/>
  <testcase name="update_changesClientNameInDatabase_true" classname="ClientTest" time="0.047"/>
  <testcase name="equals_returnsTrueIfDescriptionsAreTheSame" classname="ClientTest" time="0.009"/>
  <testcase name="all_emptyAtFirst" classname="ClientTest" time="0.017"/>
  <testcase name="equals_returnsFalseIfDescriptionsAreTheSame" classname="ClientTest" time="0.011"/>
  <testcase name="delete_deletesClientFromDatabase_true" classname="ClientTest" time="0.044"/>
  <testcase name="save_savesIntoDatabase_true" classname="ClientTest" time="0.025"/>
  <testcase name="save_assignsIdToObject" classname="ClientTest" time="0.031"/>
  <system-out><![CDATA[]]></system-out>
  <system-err><![CDATA[]]></system-err>
</testsuite>
